<?xml version="1.0" encoding="UTF-8"?>
<testng-results skipped="0" failed="0" ignored="0" total="1" passed="1">
  <reporter-output>
  </reporter-output>
  <suite name="Default suite" duration-ms="16766" started-at="2018-01-27T07:39:45Z" finished-at="2018-01-27T07:40:02Z">
    <groups>
    </groups>
    <test name="Default test" duration-ms="16766" started-at="2018-01-27T07:39:45Z" finished-at="2018-01-27T07:40:02Z">
      <class name="com.test.automation1.uiAutomation1.VerifyTitle">
        <test-method status="PASS" signature="test123()[pri:0, instance:com.test.automation1.uiAutomation1.VerifyTitle@1593948d]" name="test123" duration-ms="16726" started-at="2018-01-27T13:09:45Z" finished-at="2018-01-27T13:10:02Z">
          <reporter-output>
          </reporter-output>
        </test-method> <!-- test123 -->
      </class> <!-- com.test.automation1.uiAutomation1.VerifyTitle -->
    </test> <!-- Default test -->
  </suite> <!-- Default suite -->
</testng-results>
